<?xml version="1.0" encoding="UTF-8"?>
<!-- Generated by org.testng.reporters.JUnitReportReporter -->
<testsuite skipped="0" hostname="1aff51878532" name="com.searchmodule.tests.SearchTest" tests="1" failures="0" timestamp="2021-07-25T19:51:48 GMT" time="3.046" errors="0">
  <testcase name="search" time="3.046" classname="com.searchmodule.tests.SearchTest"/>
  <system-out/>
</testsuite> <!-- com.searchmodule.tests.SearchTest -->
